# IPython log file

%cd "C:\Users\adamp\Desktop\Python\PLTW-1.3.7"
# Wed, 15 Nov 2017 15:20:11
%run "c:\users\adamp\appdata\local\temp\tmp0heqzz.py"# Wed, 15 Nov 2017 15:20:18
dice(3)
# Wed, 15 Nov 2017 15:20:20
dice(3)
# Wed, 15 Nov 2017 15:20:21
dice(3)
# Wed, 15 Nov 2017 15:20:21
dice(3)
# Wed, 15 Nov 2017 15:20:22
dice(3)
# Wed, 15 Nov 2017 15:20:23
dice(3)
# Wed, 15 Nov 2017 15:20:27
dice(40)
# Wed, 15 Nov 2017 15:20:28
dice(40)
# Wed, 15 Nov 2017 15:20:29
dice(40)
# Wed, 15 Nov 2017 15:20:33
dice(40)
# Wed, 15 Nov 2017 15:20:34
dice(40)
# Wed, 15 Nov 2017 15:20:35
dice(40)
# Wed, 15 Nov 2017 15:20:37
dice(40)
# Wed, 15 Nov 2017 15:20:39
dice(40)
# Wed, 15 Nov 2017 15:20:40
dice(40)
# Wed, 15 Nov 2017 15:21:31
%run "c:\users\adamp\appdata\local\temp\tmpln_isi.py"# Wed, 15 Nov 2017 15:21:34
dice(40)
# Wed, 15 Nov 2017 15:21:34
dice(40)
# Wed, 15 Nov 2017 15:21:35
dice(40)
